🔧 Initial Setup Log - 20250805_0913
🚀 Running on localhost...
=== localhost ===
✅ DBA found. Executing against DBA...
📄 [DBA] /c/GitHub/as-jrussell/Opscenter/Administry_Of_Databases/Postgres/Postgres_Deploy/chmod/Deploy/1 initial/model_database_creation.sql
🔗 Running: psql -U "jrussell" -h "localhost" -p "5432" -d DBA -f "/c/GitHub/as-jrussell/Opscenter/Administry_Of_Databases/Postgres/Postgres_Deploy/chmod/Deploy/1 initial/model_database_creation.sql"
SET
Using default database name: model
Final database name: model
psql:C:/GitHub/as-jrussell/Opscenter/Administry_Of_Databases/Postgres/Postgres_Deploy/chmod/Deploy/1 initial/model_database_creation.sql:28: ERROR:  database "model" already exists
You are now connected to database "model" as user "jrussell".
SET
SET
SET
SET
SET
SET
SET
 set_config 
------------
 
(1 row)

SET
SET
SET
SET
CREATE SCHEMA
ALTER SCHEMA
CREATE FUNCTION
ALTER FUNCTION
GRANT
GRANT
GRANT
GRANT
GRANT
GRANT
GRANT
GRANT
GRANT
GRANT
GRANT
ALTER DEFAULT PRIVILEGES
ALTER DEFAULT PRIVILEGES
ALTER DEFAULT PRIVILEGES
ALTER DEFAULT PRIVILEGES
ALTER DEFAULT PRIVILEGES
ALTER DEFAULT PRIVILEGES
ALTER DEFAULT PRIVILEGES
SET
UPDATE 1
🔁 Running on MyVeryFirstPosgresSQLDB...
🚀 Running on arm-api-db-dev.cjw04s24873k.us-east-2.rds.amazonaws.com...
=== arm-api-db-dev.cjw04s24873k.us-east-2.rds.amazonaws.com ===
✅ DBA found. Executing against DBA...
📄 [DBA] /c/GitHub/as-jrussell/Opscenter/Administry_Of_Databases/Postgres/Postgres_Deploy/chmod/Deploy/1 initial/model_database_creation.sql
🔗 Running: psql -U "jrussell" -h "arm-api-db-dev.cjw04s24873k.us-east-2.rds.amazonaws.com" -p "5432" -d DBA -f "/c/GitHub/as-jrussell/Opscenter/Administry_Of_Databases/Postgres/Postgres_Deploy/chmod/Deploy/1 initial/model_database_creation.sql"
SET
Using default database name: model
Final database name: model
psql:C:/GitHub/as-jrussell/Opscenter/Administry_Of_Databases/Postgres/Postgres_Deploy/chmod/Deploy/1 initial/model_database_creation.sql:28: ERROR:  database "model" already exists
You are now connected to database "model" as user "jrussell".
SET
SET
SET
SET
SET
SET
SET
 set_config 
------------
 
(1 row)

SET
SET
SET
SET
CREATE SCHEMA
ALTER SCHEMA
CREATE FUNCTION
ALTER FUNCTION
GRANT
GRANT
GRANT
GRANT
GRANT
GRANT
GRANT
GRANT
GRANT
GRANT
GRANT
ALTER DEFAULT PRIVILEGES
ALTER DEFAULT PRIVILEGES
ALTER DEFAULT PRIVILEGES
ALTER DEFAULT PRIVILEGES
ALTER DEFAULT PRIVILEGES
ALTER DEFAULT PRIVILEGES
ALTER DEFAULT PRIVILEGES
SET
psql:C:/GitHub/as-jrussell/Opscenter/Administry_Of_Databases/Postgres/Postgres_Deploy/chmod/Deploy/1 initial/model_database_creation.sql:226: ERROR:  permission denied for table pg_database
🔁 Running on arm_api...
🚀 Running on psql-arm-api-db-dev.cj000i082mqg.us-east-2.rds.amazonaws.com...
=== psql-arm-api-db-dev.cj000i082mqg.us-east-2.rds.amazonaws.com ===
✅ DBA found. Executing against DBA...
📄 [DBA] /c/GitHub/as-jrussell/Opscenter/Administry_Of_Databases/Postgres/Postgres_Deploy/chmod/Deploy/1 initial/model_database_creation.sql
🔗 Running: psql -U "jrussell" -h "psql-arm-api-db-dev.cj000i082mqg.us-east-2.rds.amazonaws.com" -p "5432" -d DBA -f "/c/GitHub/as-jrussell/Opscenter/Administry_Of_Databases/Postgres/Postgres_Deploy/chmod/Deploy/1 initial/model_database_creation.sql"
SET
Using default database name: model
Final database name: model
psql:C:/GitHub/as-jrussell/Opscenter/Administry_Of_Databases/Postgres/Postgres_Deploy/chmod/Deploy/1 initial/model_database_creation.sql:28: ERROR:  database "model" already exists
You are now connected to database "model" as user "jrussell".
SET
SET
SET
SET
SET
SET
SET
 set_config 
------------
 
(1 row)

SET
SET
SET
SET
CREATE SCHEMA
ALTER SCHEMA
CREATE FUNCTION
ALTER FUNCTION
GRANT
GRANT
GRANT
GRANT
GRANT
GRANT
GRANT
GRANT
GRANT
GRANT
GRANT
ALTER DEFAULT PRIVILEGES
ALTER DEFAULT PRIVILEGES
ALTER DEFAULT PRIVILEGES
ALTER DEFAULT PRIVILEGES
ALTER DEFAULT PRIVILEGES
ALTER DEFAULT PRIVILEGES
ALTER DEFAULT PRIVILEGES
SET
psql:C:/GitHub/as-jrussell/Opscenter/Administry_Of_Databases/Postgres/Postgres_Deploy/chmod/Deploy/1 initial/model_database_creation.sql:226: ERROR:  permission denied for table pg_database
🔁 Running on arm_api...
🚀 Running on lendinginsights-main-dev.cluster-colb4u94kqbm.us-east-2.rds.amazonaws.com...
=== lendinginsights-main-dev.cluster-colb4u94kqbm.us-east-2.rds.amazonaws.com ===
✅ DBA found. Executing against DBA...
📄 [DBA] /c/GitHub/as-jrussell/Opscenter/Administry_Of_Databases/Postgres/Postgres_Deploy/chmod/Deploy/1 initial/model_database_creation.sql
🔗 Running: psql -U "jrussell" -h "lendinginsights-main-dev.cluster-colb4u94kqbm.us-east-2.rds.amazonaws.com" -p "5432" -d DBA -f "/c/GitHub/as-jrussell/Opscenter/Administry_Of_Databases/Postgres/Postgres_Deploy/chmod/Deploy/1 initial/model_database_creation.sql"
SET
Using default database name: model
Final database name: model
psql:C:/GitHub/as-jrussell/Opscenter/Administry_Of_Databases/Postgres/Postgres_Deploy/chmod/Deploy/1 initial/model_database_creation.sql:28: ERROR:  database "model" already exists
You are now connected to database "model" as user "jrussell".
SET
SET
SET
SET
psql:C:/GitHub/as-jrussell/Opscenter/Administry_Of_Databases/Postgres/Postgres_Deploy/chmod/Deploy/1 initial/model_database_creation.sql:42: ERROR:  unrecognized configuration parameter "transaction_timeout"
SET
SET
 set_config 
------------
 
(1 row)

SET
SET
SET
SET
CREATE SCHEMA
ALTER SCHEMA
CREATE FUNCTION
ALTER FUNCTION
GRANT
GRANT
GRANT
GRANT
GRANT
GRANT
GRANT
GRANT
GRANT
GRANT
GRANT
ALTER DEFAULT PRIVILEGES
ALTER DEFAULT PRIVILEGES
ALTER DEFAULT PRIVILEGES
ALTER DEFAULT PRIVILEGES
ALTER DEFAULT PRIVILEGES
ALTER DEFAULT PRIVILEGES
ALTER DEFAULT PRIVILEGES
SET
psql:C:/GitHub/as-jrussell/Opscenter/Administry_Of_Databases/Postgres/Postgres_Deploy/chmod/Deploy/1 initial/model_database_creation.sql:226: ERROR:  permission denied for table pg_database
🔁 Running on lendinginsights...
🚀 Running on lendinginsights-main-prd.cluster-c1u6bf3o3xwc.us-east-2.rds.amazonaws.com...
=== lendinginsights-main-prd.cluster-c1u6bf3o3xwc.us-east-2.rds.amazonaws.com ===
✅ DBA found. Executing against DBA...
📄 [DBA] /c/GitHub/as-jrussell/Opscenter/Administry_Of_Databases/Postgres/Postgres_Deploy/chmod/Deploy/1 initial/model_database_creation.sql
🔗 Running: psql -U "jrussell" -h "lendinginsights-main-prd.cluster-c1u6bf3o3xwc.us-east-2.rds.amazonaws.com" -p "5432" -d DBA -f "/c/GitHub/as-jrussell/Opscenter/Administry_Of_Databases/Postgres/Postgres_Deploy/chmod/Deploy/1 initial/model_database_creation.sql"
SET
Using default database name: model
Final database name: model
psql:C:/GitHub/as-jrussell/Opscenter/Administry_Of_Databases/Postgres/Postgres_Deploy/chmod/Deploy/1 initial/model_database_creation.sql:28: ERROR:  database "model" already exists
You are now connected to database "model" as user "jrussell".
SET
SET
SET
SET
psql:C:/GitHub/as-jrussell/Opscenter/Administry_Of_Databases/Postgres/Postgres_Deploy/chmod/Deploy/1 initial/model_database_creation.sql:42: ERROR:  unrecognized configuration parameter "transaction_timeout"
SET
SET
 set_config 
------------
 
(1 row)

SET
SET
SET
SET
CREATE SCHEMA
ALTER SCHEMA
CREATE FUNCTION
ALTER FUNCTION
GRANT
GRANT
GRANT
GRANT
GRANT
GRANT
GRANT
GRANT
GRANT
GRANT
GRANT
ALTER DEFAULT PRIVILEGES
ALTER DEFAULT PRIVILEGES
ALTER DEFAULT PRIVILEGES
ALTER DEFAULT PRIVILEGES
ALTER DEFAULT PRIVILEGES
ALTER DEFAULT PRIVILEGES
ALTER DEFAULT PRIVILEGES
SET
psql:C:/GitHub/as-jrussell/Opscenter/Administry_Of_Databases/Postgres/Postgres_Deploy/chmod/Deploy/1 initial/model_database_creation.sql:226: ERROR:  permission denied for table pg_database
🔁 Running on lendinginsights...
🚀 Running on lendinginsights-main-stg.cluster-cxte9ugnlkkd.us-east-2.rds.amazonaws.com...
=== lendinginsights-main-stg.cluster-cxte9ugnlkkd.us-east-2.rds.amazonaws.com ===
✅ DBA found. Executing against DBA...
📄 [DBA] /c/GitHub/as-jrussell/Opscenter/Administry_Of_Databases/Postgres/Postgres_Deploy/chmod/Deploy/1 initial/model_database_creation.sql
🔗 Running: psql -U "jrussell" -h "lendinginsights-main-stg.cluster-cxte9ugnlkkd.us-east-2.rds.amazonaws.com" -p "5432" -d DBA -f "/c/GitHub/as-jrussell/Opscenter/Administry_Of_Databases/Postgres/Postgres_Deploy/chmod/Deploy/1 initial/model_database_creation.sql"
SET
Using default database name: model
Final database name: model
psql:C:/GitHub/as-jrussell/Opscenter/Administry_Of_Databases/Postgres/Postgres_Deploy/chmod/Deploy/1 initial/model_database_creation.sql:28: ERROR:  database "model" already exists
You are now connected to database "model" as user "jrussell".
SET
SET
SET
SET
psql:C:/GitHub/as-jrussell/Opscenter/Administry_Of_Databases/Postgres/Postgres_Deploy/chmod/Deploy/1 initial/model_database_creation.sql:42: ERROR:  unrecognized configuration parameter "transaction_timeout"
SET
SET
 set_config 
------------
 
(1 row)

SET
SET
SET
SET
CREATE SCHEMA
ALTER SCHEMA
CREATE FUNCTION
ALTER FUNCTION
GRANT
GRANT
GRANT
GRANT
GRANT
GRANT
GRANT
GRANT
GRANT
GRANT
GRANT
ALTER DEFAULT PRIVILEGES
ALTER DEFAULT PRIVILEGES
ALTER DEFAULT PRIVILEGES
ALTER DEFAULT PRIVILEGES
ALTER DEFAULT PRIVILEGES
ALTER DEFAULT PRIVILEGES
ALTER DEFAULT PRIVILEGES
SET
psql:C:/GitHub/as-jrussell/Opscenter/Administry_Of_Databases/Postgres/Postgres_Deploy/chmod/Deploy/1 initial/model_database_creation.sql:226: ERROR:  permission denied for table pg_database
🔁 Running on lendinginsights...
🚀 Running on lendinginsights-main-tst.cluster-clm0vrvchewi.us-east-2.rds.amazonaws.com...
=== lendinginsights-main-tst.cluster-clm0vrvchewi.us-east-2.rds.amazonaws.com ===
✅ DBA found. Executing against DBA...
📄 [DBA] /c/GitHub/as-jrussell/Opscenter/Administry_Of_Databases/Postgres/Postgres_Deploy/chmod/Deploy/1 initial/model_database_creation.sql
🔗 Running: psql -U "jrussell" -h "lendinginsights-main-tst.cluster-clm0vrvchewi.us-east-2.rds.amazonaws.com" -p "5432" -d DBA -f "/c/GitHub/as-jrussell/Opscenter/Administry_Of_Databases/Postgres/Postgres_Deploy/chmod/Deploy/1 initial/model_database_creation.sql"
SET
Using default database name: model
Final database name: model
psql:C:/GitHub/as-jrussell/Opscenter/Administry_Of_Databases/Postgres/Postgres_Deploy/chmod/Deploy/1 initial/model_database_creation.sql:28: ERROR:  database "model" already exists
You are now connected to database "model" as user "jrussell".
SET
SET
SET
SET
psql:C:/GitHub/as-jrussell/Opscenter/Administry_Of_Databases/Postgres/Postgres_Deploy/chmod/Deploy/1 initial/model_database_creation.sql:42: ERROR:  unrecognized configuration parameter "transaction_timeout"
SET
SET
 set_config 
------------
 
(1 row)

SET
SET
SET
SET
CREATE SCHEMA
ALTER SCHEMA
CREATE FUNCTION
ALTER FUNCTION
GRANT
GRANT
GRANT
GRANT
GRANT
GRANT
GRANT
GRANT
GRANT
GRANT
GRANT
ALTER DEFAULT PRIVILEGES
ALTER DEFAULT PRIVILEGES
ALTER DEFAULT PRIVILEGES
ALTER DEFAULT PRIVILEGES
ALTER DEFAULT PRIVILEGES
ALTER DEFAULT PRIVILEGES
ALTER DEFAULT PRIVILEGES
SET
psql:C:/GitHub/as-jrussell/Opscenter/Administry_Of_Databases/Postgres/Postgres_Deploy/chmod/Deploy/1 initial/model_database_creation.sql:226: ERROR:  permission denied for table pg_database
🔁 Running on lendinginsights...
🚀 Running on refundplus-dealer-portal-dev.c90kw0qemomq.us-east-2.rds.amazonaws.com...
=== refundplus-dealer-portal-dev.c90kw0qemomq.us-east-2.rds.amazonaws.com ===
✅ DBA found. Executing against DBA...
📄 [DBA] /c/GitHub/as-jrussell/Opscenter/Administry_Of_Databases/Postgres/Postgres_Deploy/chmod/Deploy/1 initial/model_database_creation.sql
🔗 Running: psql -U "jrussell" -h "refundplus-dealer-portal-dev.c90kw0qemomq.us-east-2.rds.amazonaws.com" -p "5432" -d DBA -f "/c/GitHub/as-jrussell/Opscenter/Administry_Of_Databases/Postgres/Postgres_Deploy/chmod/Deploy/1 initial/model_database_creation.sql"
SET
Using default database name: model
Final database name: model
psql:C:/GitHub/as-jrussell/Opscenter/Administry_Of_Databases/Postgres/Postgres_Deploy/chmod/Deploy/1 initial/model_database_creation.sql:28: ERROR:  database "model" already exists
You are now connected to database "model" as user "jrussell".
SET
SET
SET
SET
SET
SET
SET
 set_config 
------------
 
(1 row)

SET
SET
SET
SET
CREATE SCHEMA
ALTER SCHEMA
CREATE FUNCTION
ALTER FUNCTION
GRANT
GRANT
GRANT
GRANT
GRANT
GRANT
GRANT
GRANT
GRANT
GRANT
GRANT
ALTER DEFAULT PRIVILEGES
ALTER DEFAULT PRIVILEGES
ALTER DEFAULT PRIVILEGES
ALTER DEFAULT PRIVILEGES
ALTER DEFAULT PRIVILEGES
ALTER DEFAULT PRIVILEGES
ALTER DEFAULT PRIVILEGES
SET
psql:C:/GitHub/as-jrussell/Opscenter/Administry_Of_Databases/Postgres/Postgres_Deploy/chmod/Deploy/1 initial/model_database_creation.sql:226: ERROR:  permission denied for table pg_database
🔁 Running on dealer_portal...
🔁 Running on dealer-portal...
🚀 Running on refundplus-ddm-dev.cluster-c90kw0qemomq.us-east-2.rds.amazonaws.com...
=== refundplus-ddm-dev.cluster-c90kw0qemomq.us-east-2.rds.amazonaws.com ===
✅ DBA found. Executing against DBA...
📄 [DBA] /c/GitHub/as-jrussell/Opscenter/Administry_Of_Databases/Postgres/Postgres_Deploy/chmod/Deploy/1 initial/model_database_creation.sql
🔗 Running: psql -U "jrussell" -h "refundplus-ddm-dev.cluster-c90kw0qemomq.us-east-2.rds.amazonaws.com" -p "5432" -d DBA -f "/c/GitHub/as-jrussell/Opscenter/Administry_Of_Databases/Postgres/Postgres_Deploy/chmod/Deploy/1 initial/model_database_creation.sql"
SET
Using default database name: model
Final database name: model
psql:C:/GitHub/as-jrussell/Opscenter/Administry_Of_Databases/Postgres/Postgres_Deploy/chmod/Deploy/1 initial/model_database_creation.sql:28: ERROR:  database "model" already exists
You are now connected to database "model" as user "jrussell".
SET
SET
SET
SET
psql:C:/GitHub/as-jrussell/Opscenter/Administry_Of_Databases/Postgres/Postgres_Deploy/chmod/Deploy/1 initial/model_database_creation.sql:42: ERROR:  unrecognized configuration parameter "transaction_timeout"
SET
SET
 set_config 
------------
 
(1 row)

SET
SET
SET
SET
CREATE SCHEMA
ALTER SCHEMA
CREATE FUNCTION
ALTER FUNCTION
GRANT
GRANT
GRANT
GRANT
GRANT
GRANT
GRANT
GRANT
GRANT
GRANT
GRANT
ALTER DEFAULT PRIVILEGES
ALTER DEFAULT PRIVILEGES
ALTER DEFAULT PRIVILEGES
ALTER DEFAULT PRIVILEGES
ALTER DEFAULT PRIVILEGES
ALTER DEFAULT PRIVILEGES
ALTER DEFAULT PRIVILEGES
SET
psql:C:/GitHub/as-jrussell/Opscenter/Administry_Of_Databases/Postgres/Postgres_Deploy/chmod/Deploy/1 initial/model_database_creation.sql:226: ERROR:  permission denied for table pg_database
🔁 Running on refundplus_ddm...
🚀 Running on refundplus-dealer-portal-stg.c7m8cs6i48u2.us-east-2.rds.amazonaws.com...
=== refundplus-dealer-portal-stg.c7m8cs6i48u2.us-east-2.rds.amazonaws.com ===
✅ DBA found. Executing against DBA...
📄 [DBA] /c/GitHub/as-jrussell/Opscenter/Administry_Of_Databases/Postgres/Postgres_Deploy/chmod/Deploy/1 initial/model_database_creation.sql
🔗 Running: psql -U "jrussell" -h "refundplus-dealer-portal-stg.c7m8cs6i48u2.us-east-2.rds.amazonaws.com" -p "5432" -d DBA -f "/c/GitHub/as-jrussell/Opscenter/Administry_Of_Databases/Postgres/Postgres_Deploy/chmod/Deploy/1 initial/model_database_creation.sql"
SET
Using default database name: model
Final database name: model
psql:C:/GitHub/as-jrussell/Opscenter/Administry_Of_Databases/Postgres/Postgres_Deploy/chmod/Deploy/1 initial/model_database_creation.sql:28: ERROR:  database "model" already exists
You are now connected to database "model" as user "jrussell".
SET
SET
SET
SET
SET
SET
SET
 set_config 
------------
 
(1 row)

SET
SET
SET
SET
CREATE SCHEMA
ALTER SCHEMA
CREATE FUNCTION
ALTER FUNCTION
GRANT
GRANT
GRANT
GRANT
GRANT
GRANT
GRANT
GRANT
GRANT
GRANT
GRANT
ALTER DEFAULT PRIVILEGES
ALTER DEFAULT PRIVILEGES
ALTER DEFAULT PRIVILEGES
ALTER DEFAULT PRIVILEGES
ALTER DEFAULT PRIVILEGES
ALTER DEFAULT PRIVILEGES
ALTER DEFAULT PRIVILEGES
SET
psql:C:/GitHub/as-jrussell/Opscenter/Administry_Of_Databases/Postgres/Postgres_Deploy/chmod/Deploy/1 initial/model_database_creation.sql:226: ERROR:  permission denied for table pg_database
🔁 Running on dealer-portal...
🚀 Running on refundplus-dealer-portal-tst.c7iamq26sc0b.us-east-2.rds.amazonaws.com...
=== refundplus-dealer-portal-tst.c7iamq26sc0b.us-east-2.rds.amazonaws.com ===
✅ DBA found. Executing against DBA...
📄 [DBA] /c/GitHub/as-jrussell/Opscenter/Administry_Of_Databases/Postgres/Postgres_Deploy/chmod/Deploy/1 initial/model_database_creation.sql
🔗 Running: psql -U "jrussell" -h "refundplus-dealer-portal-tst.c7iamq26sc0b.us-east-2.rds.amazonaws.com" -p "5432" -d DBA -f "/c/GitHub/as-jrussell/Opscenter/Administry_Of_Databases/Postgres/Postgres_Deploy/chmod/Deploy/1 initial/model_database_creation.sql"
SET
Using default database name: model
Final database name: model
psql:C:/GitHub/as-jrussell/Opscenter/Administry_Of_Databases/Postgres/Postgres_Deploy/chmod/Deploy/1 initial/model_database_creation.sql:28: ERROR:  database "model" already exists
You are now connected to database "model" as user "jrussell".
SET
SET
SET
SET
SET
SET
SET
 set_config 
------------
 
(1 row)

SET
SET
SET
SET
CREATE SCHEMA
ALTER SCHEMA
CREATE FUNCTION
ALTER FUNCTION
GRANT
GRANT
GRANT
GRANT
GRANT
GRANT
GRANT
GRANT
GRANT
GRANT
GRANT
ALTER DEFAULT PRIVILEGES
ALTER DEFAULT PRIVILEGES
ALTER DEFAULT PRIVILEGES
ALTER DEFAULT PRIVILEGES
ALTER DEFAULT PRIVILEGES
ALTER DEFAULT PRIVILEGES
ALTER DEFAULT PRIVILEGES
SET
psql:C:/GitHub/as-jrussell/Opscenter/Administry_Of_Databases/Postgres/Postgres_Deploy/chmod/Deploy/1 initial/model_database_creation.sql:226: ERROR:  permission denied for table pg_database
🔁 Running on dealer_portal...
🔁 Running on dealer-portal...
🚀 Running on psql-customerdb-tst.cd46ukoog0za.us-east-2.rds.amazonaws.com...
=== psql-customerdb-tst.cd46ukoog0za.us-east-2.rds.amazonaws.com ===
✅ DBA found. Executing against DBA...
📄 [DBA] /c/GitHub/as-jrussell/Opscenter/Administry_Of_Databases/Postgres/Postgres_Deploy/chmod/Deploy/1 initial/model_database_creation.sql
🔗 Running: psql -U "jrussell" -h "psql-customerdb-tst.cd46ukoog0za.us-east-2.rds.amazonaws.com" -p "5432" -d DBA -f "/c/GitHub/as-jrussell/Opscenter/Administry_Of_Databases/Postgres/Postgres_Deploy/chmod/Deploy/1 initial/model_database_creation.sql"
SET
Using default database name: model
Final database name: model
psql:C:/GitHub/as-jrussell/Opscenter/Administry_Of_Databases/Postgres/Postgres_Deploy/chmod/Deploy/1 initial/model_database_creation.sql:28: ERROR:  database "model" already exists
You are now connected to database "model" as user "jrussell".
SET
SET
SET
SET
SET
SET
SET
 set_config 
------------
 
(1 row)

SET
SET
SET
SET
CREATE SCHEMA
ALTER SCHEMA
CREATE FUNCTION
ALTER FUNCTION
GRANT
GRANT
GRANT
GRANT
GRANT
GRANT
GRANT
GRANT
GRANT
GRANT
GRANT
ALTER DEFAULT PRIVILEGES
ALTER DEFAULT PRIVILEGES
ALTER DEFAULT PRIVILEGES
ALTER DEFAULT PRIVILEGES
ALTER DEFAULT PRIVILEGES
ALTER DEFAULT PRIVILEGES
ALTER DEFAULT PRIVILEGES
SET
psql:C:/GitHub/as-jrussell/Opscenter/Administry_Of_Databases/Postgres/Postgres_Deploy/chmod/Deploy/1 initial/model_database_creation.sql:226: ERROR:  permission denied for table pg_database
🔁 Running on customerdb...
✅ All deployments complete. Log: logs/initial_setup_20250805_0913.log
